빌드 시작: 2013-11-07 오후 11:31:30
     1>2 노드의 "C:\Users\Cowspirit\Desktop\Chrome Download\next\next3학기\3학기강의\게임개발프로젝트\참고자료\Sample_2DFighter-master\Sample_2DFighter-master\NNGameFramework\NNGameFramework.vcxproj" 프로젝트(Build 대상)입니다.
     1>ClCompile:
         C:\Program Files (x86)\Microsoft Visual Studio 11.0\VC\bin\CL.exe /c /ZI /nologo /W3 /WX- /sdl /Od /Oy- /D WIN32 /D _DEBUG /D _WINDOWS /D _UNICODE /D UNICODE /Gm /EHsc /RTC1 /MDd /GS /fp:precise /Zc:wchar_t /Zc:forScope /Fo"Debug\\" /Fd"Debug\vc110.pdb" /Gd /TP /analyze- /errorReport:prompt C2DFighterScene.cpp
         C2DFighterScene.cpp
     1>c:\users\cowspirit\desktop\chrome download\next\next3학기\3학기강의\게임개발프로젝트\참고자료\sample_2dfighter-master\sample_2dfighter-master\nngameframework\c2dfighterscene.cpp(37): warning C4244: '초기화 중' : 'double'에서 'int'(으)로 변환하면서 데이터가 손실될 수 있습니다.
       Link:
         C:\Program Files (x86)\Microsoft Visual Studio 11.0\VC\bin\link.exe /ERRORREPORT:PROMPT /OUT:"C:\Users\Cowspirit\Desktop\Chrome Download\next\next3학기\3학기강의\게임개발프로젝트\참고자료\Sample_2DFighter-master\Sample_2DFighter-master\$Bin\2DFighter.exe" /INCREMENTAL /NOLOGO kernel32.lib user32.lib gdi32.lib winspool.lib comdlg32.lib advapi32.lib shell32.lib ole32.lib oleaut32.lib uuid.lib odbc32.lib odbccp32.lib /MANIFEST /MANIFESTUAC:"level='asInvoker' uiAccess='false'" /manifest:embed /DEBUG /PDB:"C:\Users\Cowspirit\Desktop\Chrome Download\next\next3학기\3학기강의\게임개발프로젝트\참고자료\Sample_2DFighter-master\Sample_2DFighter-master\$Bin\2DFighter.pdb" /SUBSYSTEM:WINDOWS /TLBID:1 /DYNAMICBASE /NXCOMPAT /IMPLIB:"C:\Users\Cowspirit\Desktop\Chrome Download\next\next3학기\3학기강의\게임개발프로젝트\참고자료\Sample_2DFighter-master\Sample_2DFighter-master\$Bin\2DFighter.lib" /MACHINE:X86 Debug\C2DFighterScene.obj
         Debug\Main.obj
         Debug\NNApplication.obj
         Debug\NNAudioSystem.obj
         Debug\NND2DRenderer.obj
         Debug\NNInputSystem.obj
         Debug\NNLabel.obj
         Debug\NNObject.obj
         Debug\NNPoint.obj
         Debug\NNResourceManager.obj
         Debug\NNScene.obj
         Debug\NNSceneDirector.obj
         Debug\NNSize.obj
         Debug\NNSound.obj
         Debug\NNSprite.obj
         Debug\NNTexture.obj
         Debug\SpriteExampleScene.obj
         NNGameFramework.vcxproj -> C:\Users\Cowspirit\Desktop\Chrome Download\next\next3학기\3학기강의\게임개발프로젝트\참고자료\Sample_2DFighter-master\Sample_2DFighter-master\$Bin\2DFighter.exe
     1>"C:\Users\Cowspirit\Desktop\Chrome Download\next\next3학기\3학기강의\게임개발프로젝트\참고자료\Sample_2DFighter-master\Sample_2DFighter-master\NNGameFramework\NNGameFramework.vcxproj" 프로젝트를 빌드했습니다(Build 대상).

빌드했습니다.

경과 시간: 00:00:03.62
